[25/Nov/2016 12:52:56] ERROR [django.request:124] Internal Server Error: /dailyschedule
Traceback (most recent call last):
  File "/Users/ruba/.virtualenvs/liverpoop/lib/python2.7/site-packages/django/core/handlers/exception.py", line 39, in inner
    response = get_response(request)
  File "/Users/ruba/.virtualenvs/liverpoop/lib/python2.7/site-packages/django/core/handlers/base.py", line 187, in _get_response
    response = self.process_exception_by_middleware(e, request)
  File "/Users/ruba/.virtualenvs/liverpoop/lib/python2.7/site-packages/django/core/handlers/base.py", line 185, in _get_response
    response = wrapped_callback(request, *callback_args, **callback_kwargs)
  File "/Users/ruba/code/liverpool/liverpool/daily/views.py", line 68, in schedule
    return render(request, 'daily/daily.html', context)
  File "/Users/ruba/.virtualenvs/liverpoop/lib/python2.7/site-packages/django/shortcuts.py", line 30, in render
    content = loader.render_to_string(template_name, context, request, using=using)
  File "/Users/ruba/.virtualenvs/liverpoop/lib/python2.7/site-packages/django/template/loader.py", line 68, in render_to_string
    return template.render(context, request)
  File "/Users/ruba/.virtualenvs/liverpoop/lib/python2.7/site-packages/django/template/backends/django.py", line 66, in render
    return self.template.render(context)
  File "/Users/ruba/.virtualenvs/liverpoop/lib/python2.7/site-packages/django/template/base.py", line 208, in render
    return self._render(context)
  File "/Users/ruba/.virtualenvs/liverpoop/lib/python2.7/site-packages/django/template/base.py", line 199, in _render
    return self.nodelist.render(context)
  File "/Users/ruba/.virtualenvs/liverpoop/lib/python2.7/site-packages/django/template/base.py", line 994, in render
    bit = node.render_annotated(context)
  File "/Users/ruba/.virtualenvs/liverpoop/lib/python2.7/site-packages/django/template/base.py", line 961, in render_annotated
    return self.render(context)
  File "/Users/ruba/.virtualenvs/liverpoop/lib/python2.7/site-packages/django/template/loader_tags.py", line 174, in render
    return compiled_parent._render(context)
  File "/Users/ruba/.virtualenvs/liverpoop/lib/python2.7/site-packages/django/template/base.py", line 199, in _render
    return self.nodelist.render(context)
  File "/Users/ruba/.virtualenvs/liverpoop/lib/python2.7/site-packages/django/template/base.py", line 994, in render
    bit = node.render_annotated(context)
  File "/Users/ruba/.virtualenvs/liverpoop/lib/python2.7/site-packages/django/template/base.py", line 961, in render_annotated
    return self.render(context)
  File "/Users/ruba/.virtualenvs/liverpoop/lib/python2.7/site-packages/django/templatetags/static.py", line 104, in render
    url = self.url(context)
  File "/Users/ruba/.virtualenvs/liverpoop/lib/python2.7/site-packages/django/templatetags/static.py", line 101, in url
    return self.handle_simple(path)
  File "/Users/ruba/.virtualenvs/liverpoop/lib/python2.7/site-packages/django/templatetags/static.py", line 114, in handle_simple
    return staticfiles_storage.url(path)
  File "/Users/ruba/.virtualenvs/liverpoop/lib/python2.7/site-packages/django/contrib/staticfiles/storage.py", line 132, in url
    hashed_name = self.stored_name(clean_name)
  File "/Users/ruba/.virtualenvs/liverpoop/lib/python2.7/site-packages/django/contrib/staticfiles/storage.py", line 292, in stored_name
    cache_name = self.clean_name(self.hashed_name(name))
  File "/Users/ruba/.virtualenvs/liverpoop/lib/python2.7/site-packages/django/contrib/staticfiles/storage.py", line 95, in hashed_name
    (clean_name, self))
ValueError: The file 'daily/util.js' could not be found with <whitenoise.storage.CompressedManifestStaticFilesStorage object at 0x1078d1f50>.
[25/Nov/2016 12:52:56] ERROR [django.server:131] "GET /dailyschedule HTTP/1.1" 500 27
[25/Nov/2016 12:53:14] ERROR [django.request:124] Internal Server Error: /dailyschedule
Traceback (most recent call last):
  File "/Users/ruba/.virtualenvs/liverpoop/lib/python2.7/site-packages/django/core/handlers/exception.py", line 39, in inner
    response = get_response(request)
  File "/Users/ruba/.virtualenvs/liverpoop/lib/python2.7/site-packages/django/core/handlers/base.py", line 187, in _get_response
    response = self.process_exception_by_middleware(e, request)
  File "/Users/ruba/.virtualenvs/liverpoop/lib/python2.7/site-packages/django/core/handlers/base.py", line 185, in _get_response
    response = wrapped_callback(request, *callback_args, **callback_kwargs)
  File "/Users/ruba/code/liverpool/liverpool/daily/views.py", line 68, in schedule
    return render(request, 'daily/daily.html', context)
  File "/Users/ruba/.virtualenvs/liverpoop/lib/python2.7/site-packages/django/shortcuts.py", line 30, in render
    content = loader.render_to_string(template_name, context, request, using=using)
  File "/Users/ruba/.virtualenvs/liverpoop/lib/python2.7/site-packages/django/template/loader.py", line 68, in render_to_string
    return template.render(context, request)
  File "/Users/ruba/.virtualenvs/liverpoop/lib/python2.7/site-packages/django/template/backends/django.py", line 66, in render
    return self.template.render(context)
  File "/Users/ruba/.virtualenvs/liverpoop/lib/python2.7/site-packages/django/template/base.py", line 208, in render
    return self._render(context)
  File "/Users/ruba/.virtualenvs/liverpoop/lib/python2.7/site-packages/django/template/base.py", line 199, in _render
    return self.nodelist.render(context)
  File "/Users/ruba/.virtualenvs/liverpoop/lib/python2.7/site-packages/django/template/base.py", line 994, in render
    bit = node.render_annotated(context)
  File "/Users/ruba/.virtualenvs/liverpoop/lib/python2.7/site-packages/django/template/base.py", line 961, in render_annotated
    return self.render(context)
  File "/Users/ruba/.virtualenvs/liverpoop/lib/python2.7/site-packages/django/template/loader_tags.py", line 174, in render
    return compiled_parent._render(context)
  File "/Users/ruba/.virtualenvs/liverpoop/lib/python2.7/site-packages/django/template/base.py", line 199, in _render
    return self.nodelist.render(context)
  File "/Users/ruba/.virtualenvs/liverpoop/lib/python2.7/site-packages/django/template/base.py", line 994, in render
    bit = node.render_annotated(context)
  File "/Users/ruba/.virtualenvs/liverpoop/lib/python2.7/site-packages/django/template/base.py", line 961, in render_annotated
    return self.render(context)
  File "/Users/ruba/.virtualenvs/liverpoop/lib/python2.7/site-packages/django/templatetags/static.py", line 104, in render
    url = self.url(context)
  File "/Users/ruba/.virtualenvs/liverpoop/lib/python2.7/site-packages/django/templatetags/static.py", line 101, in url
    return self.handle_simple(path)
  File "/Users/ruba/.virtualenvs/liverpoop/lib/python2.7/site-packages/django/templatetags/static.py", line 114, in handle_simple
    return staticfiles_storage.url(path)
  File "/Users/ruba/.virtualenvs/liverpoop/lib/python2.7/site-packages/django/contrib/staticfiles/storage.py", line 132, in url
    hashed_name = self.stored_name(clean_name)
  File "/Users/ruba/.virtualenvs/liverpoop/lib/python2.7/site-packages/django/contrib/staticfiles/storage.py", line 292, in stored_name
    cache_name = self.clean_name(self.hashed_name(name))
  File "/Users/ruba/.virtualenvs/liverpoop/lib/python2.7/site-packages/django/contrib/staticfiles/storage.py", line 95, in hashed_name
    (clean_name, self))
ValueError: The file 'daily/util.js' could not be found with <whitenoise.storage.CompressedManifestStaticFilesStorage object at 0x1078d1f50>.
[25/Nov/2016 12:53:14] ERROR [django.server:131] "GET /dailyschedule HTTP/1.1" 500 27
[25/Nov/2016 12:57:17] ERROR [django.request:124] Internal Server Error: /daily/
Traceback (most recent call last):
  File "/Users/ruba/.virtualenvs/liverpoop/lib/python2.7/site-packages/django/core/handlers/exception.py", line 39, in inner
    response = get_response(request)
  File "/Users/ruba/.virtualenvs/liverpoop/lib/python2.7/site-packages/django/core/handlers/base.py", line 187, in _get_response
    response = self.process_exception_by_middleware(e, request)
  File "/Users/ruba/.virtualenvs/liverpoop/lib/python2.7/site-packages/django/core/handlers/base.py", line 185, in _get_response
    response = wrapped_callback(request, *callback_args, **callback_kwargs)
  File "/Users/ruba/code/liverpool/liverpool/daily/views.py", line 68, in schedule
    return render(request, 'daily/daily.html', context)
  File "/Users/ruba/.virtualenvs/liverpoop/lib/python2.7/site-packages/django/shortcuts.py", line 30, in render
    content = loader.render_to_string(template_name, context, request, using=using)
  File "/Users/ruba/.virtualenvs/liverpoop/lib/python2.7/site-packages/django/template/loader.py", line 68, in render_to_string
    return template.render(context, request)
  File "/Users/ruba/.virtualenvs/liverpoop/lib/python2.7/site-packages/django/template/backends/django.py", line 66, in render
    return self.template.render(context)
  File "/Users/ruba/.virtualenvs/liverpoop/lib/python2.7/site-packages/django/template/base.py", line 208, in render
    return self._render(context)
  File "/Users/ruba/.virtualenvs/liverpoop/lib/python2.7/site-packages/django/template/base.py", line 199, in _render
    return self.nodelist.render(context)
  File "/Users/ruba/.virtualenvs/liverpoop/lib/python2.7/site-packages/django/template/base.py", line 994, in render
    bit = node.render_annotated(context)
  File "/Users/ruba/.virtualenvs/liverpoop/lib/python2.7/site-packages/django/template/base.py", line 961, in render_annotated
    return self.render(context)
  File "/Users/ruba/.virtualenvs/liverpoop/lib/python2.7/site-packages/django/template/loader_tags.py", line 174, in render
    return compiled_parent._render(context)
  File "/Users/ruba/.virtualenvs/liverpoop/lib/python2.7/site-packages/django/template/base.py", line 199, in _render
    return self.nodelist.render(context)
  File "/Users/ruba/.virtualenvs/liverpoop/lib/python2.7/site-packages/django/template/base.py", line 994, in render
    bit = node.render_annotated(context)
  File "/Users/ruba/.virtualenvs/liverpoop/lib/python2.7/site-packages/django/template/base.py", line 961, in render_annotated
    return self.render(context)
  File "/Users/ruba/.virtualenvs/liverpoop/lib/python2.7/site-packages/django/templatetags/static.py", line 104, in render
    url = self.url(context)
  File "/Users/ruba/.virtualenvs/liverpoop/lib/python2.7/site-packages/django/templatetags/static.py", line 101, in url
    return self.handle_simple(path)
  File "/Users/ruba/.virtualenvs/liverpoop/lib/python2.7/site-packages/django/templatetags/static.py", line 114, in handle_simple
    return staticfiles_storage.url(path)
  File "/Users/ruba/.virtualenvs/liverpoop/lib/python2.7/site-packages/django/contrib/staticfiles/storage.py", line 132, in url
    hashed_name = self.stored_name(clean_name)
  File "/Users/ruba/.virtualenvs/liverpoop/lib/python2.7/site-packages/django/contrib/staticfiles/storage.py", line 292, in stored_name
    cache_name = self.clean_name(self.hashed_name(name))
  File "/Users/ruba/.virtualenvs/liverpoop/lib/python2.7/site-packages/django/contrib/staticfiles/storage.py", line 95, in hashed_name
    (clean_name, self))
ValueError: The file 'util.js' could not be found with <whitenoise.storage.CompressedManifestStaticFilesStorage object at 0x1078d1f50>.
[25/Nov/2016 12:57:17] ERROR [django.server:131] "GET /daily/ HTTP/1.1" 500 27
[25/Nov/2016 12:57:18] ERROR [django.request:124] Internal Server Error: /daily/
Traceback (most recent call last):
  File "/Users/ruba/.virtualenvs/liverpoop/lib/python2.7/site-packages/django/core/handlers/exception.py", line 39, in inner
    response = get_response(request)
  File "/Users/ruba/.virtualenvs/liverpoop/lib/python2.7/site-packages/django/core/handlers/base.py", line 187, in _get_response
    response = self.process_exception_by_middleware(e, request)
  File "/Users/ruba/.virtualenvs/liverpoop/lib/python2.7/site-packages/django/core/handlers/base.py", line 185, in _get_response
    response = wrapped_callback(request, *callback_args, **callback_kwargs)
  File "/Users/ruba/code/liverpool/liverpool/daily/views.py", line 68, in schedule
    return render(request, 'daily/daily.html', context)
  File "/Users/ruba/.virtualenvs/liverpoop/lib/python2.7/site-packages/django/shortcuts.py", line 30, in render
    content = loader.render_to_string(template_name, context, request, using=using)
  File "/Users/ruba/.virtualenvs/liverpoop/lib/python2.7/site-packages/django/template/loader.py", line 68, in render_to_string
    return template.render(context, request)
  File "/Users/ruba/.virtualenvs/liverpoop/lib/python2.7/site-packages/django/template/backends/django.py", line 66, in render
    return self.template.render(context)
  File "/Users/ruba/.virtualenvs/liverpoop/lib/python2.7/site-packages/django/template/base.py", line 208, in render
    return self._render(context)
  File "/Users/ruba/.virtualenvs/liverpoop/lib/python2.7/site-packages/django/template/base.py", line 199, in _render
    return self.nodelist.render(context)
  File "/Users/ruba/.virtualenvs/liverpoop/lib/python2.7/site-packages/django/template/base.py", line 994, in render
    bit = node.render_annotated(context)
  File "/Users/ruba/.virtualenvs/liverpoop/lib/python2.7/site-packages/django/template/base.py", line 961, in render_annotated
    return self.render(context)
  File "/Users/ruba/.virtualenvs/liverpoop/lib/python2.7/site-packages/django/template/loader_tags.py", line 174, in render
    return compiled_parent._render(context)
  File "/Users/ruba/.virtualenvs/liverpoop/lib/python2.7/site-packages/django/template/base.py", line 199, in _render
    return self.nodelist.render(context)
  File "/Users/ruba/.virtualenvs/liverpoop/lib/python2.7/site-packages/django/template/base.py", line 994, in render
    bit = node.render_annotated(context)
  File "/Users/ruba/.virtualenvs/liverpoop/lib/python2.7/site-packages/django/template/base.py", line 961, in render_annotated
    return self.render(context)
  File "/Users/ruba/.virtualenvs/liverpoop/lib/python2.7/site-packages/django/templatetags/static.py", line 104, in render
    url = self.url(context)
  File "/Users/ruba/.virtualenvs/liverpoop/lib/python2.7/site-packages/django/templatetags/static.py", line 101, in url
    return self.handle_simple(path)
  File "/Users/ruba/.virtualenvs/liverpoop/lib/python2.7/site-packages/django/templatetags/static.py", line 114, in handle_simple
    return staticfiles_storage.url(path)
  File "/Users/ruba/.virtualenvs/liverpoop/lib/python2.7/site-packages/django/contrib/staticfiles/storage.py", line 132, in url
    hashed_name = self.stored_name(clean_name)
  File "/Users/ruba/.virtualenvs/liverpoop/lib/python2.7/site-packages/django/contrib/staticfiles/storage.py", line 292, in stored_name
    cache_name = self.clean_name(self.hashed_name(name))
  File "/Users/ruba/.virtualenvs/liverpoop/lib/python2.7/site-packages/django/contrib/staticfiles/storage.py", line 95, in hashed_name
    (clean_name, self))
ValueError: The file 'util.js' could not be found with <whitenoise.storage.CompressedManifestStaticFilesStorage object at 0x1078d1f50>.
[25/Nov/2016 12:57:18] ERROR [django.server:131] "GET /daily/ HTTP/1.1" 500 27
[25/Nov/2016 12:57:21] ERROR [django.request:124] Internal Server Error: /daily/
Traceback (most recent call last):
  File "/Users/ruba/.virtualenvs/liverpoop/lib/python2.7/site-packages/django/core/handlers/exception.py", line 39, in inner
    response = get_response(request)
  File "/Users/ruba/.virtualenvs/liverpoop/lib/python2.7/site-packages/django/core/handlers/base.py", line 187, in _get_response
    response = self.process_exception_by_middleware(e, request)
  File "/Users/ruba/.virtualenvs/liverpoop/lib/python2.7/site-packages/django/core/handlers/base.py", line 185, in _get_response
    response = wrapped_callback(request, *callback_args, **callback_kwargs)
  File "/Users/ruba/code/liverpool/liverpool/daily/views.py", line 68, in schedule
    return render(request, 'daily/daily.html', context)
  File "/Users/ruba/.virtualenvs/liverpoop/lib/python2.7/site-packages/django/shortcuts.py", line 30, in render
    content = loader.render_to_string(template_name, context, request, using=using)
  File "/Users/ruba/.virtualenvs/liverpoop/lib/python2.7/site-packages/django/template/loader.py", line 68, in render_to_string
    return template.render(context, request)
  File "/Users/ruba/.virtualenvs/liverpoop/lib/python2.7/site-packages/django/template/backends/django.py", line 66, in render
    return self.template.render(context)
  File "/Users/ruba/.virtualenvs/liverpoop/lib/python2.7/site-packages/django/template/base.py", line 208, in render
    return self._render(context)
  File "/Users/ruba/.virtualenvs/liverpoop/lib/python2.7/site-packages/django/template/base.py", line 199, in _render
    return self.nodelist.render(context)
  File "/Users/ruba/.virtualenvs/liverpoop/lib/python2.7/site-packages/django/template/base.py", line 994, in render
    bit = node.render_annotated(context)
  File "/Users/ruba/.virtualenvs/liverpoop/lib/python2.7/site-packages/django/template/base.py", line 961, in render_annotated
    return self.render(context)
  File "/Users/ruba/.virtualenvs/liverpoop/lib/python2.7/site-packages/django/template/loader_tags.py", line 174, in render
    return compiled_parent._render(context)
  File "/Users/ruba/.virtualenvs/liverpoop/lib/python2.7/site-packages/django/template/base.py", line 199, in _render
    return self.nodelist.render(context)
  File "/Users/ruba/.virtualenvs/liverpoop/lib/python2.7/site-packages/django/template/base.py", line 994, in render
    bit = node.render_annotated(context)
  File "/Users/ruba/.virtualenvs/liverpoop/lib/python2.7/site-packages/django/template/base.py", line 961, in render_annotated
    return self.render(context)
  File "/Users/ruba/.virtualenvs/liverpoop/lib/python2.7/site-packages/django/templatetags/static.py", line 104, in render
    url = self.url(context)
  File "/Users/ruba/.virtualenvs/liverpoop/lib/python2.7/site-packages/django/templatetags/static.py", line 101, in url
    return self.handle_simple(path)
  File "/Users/ruba/.virtualenvs/liverpoop/lib/python2.7/site-packages/django/templatetags/static.py", line 114, in handle_simple
    return staticfiles_storage.url(path)
  File "/Users/ruba/.virtualenvs/liverpoop/lib/python2.7/site-packages/django/contrib/staticfiles/storage.py", line 132, in url
    hashed_name = self.stored_name(clean_name)
  File "/Users/ruba/.virtualenvs/liverpoop/lib/python2.7/site-packages/django/contrib/staticfiles/storage.py", line 292, in stored_name
    cache_name = self.clean_name(self.hashed_name(name))
  File "/Users/ruba/.virtualenvs/liverpoop/lib/python2.7/site-packages/django/contrib/staticfiles/storage.py", line 95, in hashed_name
    (clean_name, self))
ValueError: The file 'util.js' could not be found with <whitenoise.storage.CompressedManifestStaticFilesStorage object at 0x1078d1f50>.
[25/Nov/2016 12:57:21] ERROR [django.server:131] "GET /daily/ HTTP/1.1" 500 27
[25/Nov/2016 13:01:51] INFO [django.server:131] "GET /dailyschedule HTTP/1.1" 200 21011
[25/Nov/2016 13:01:51] WARNING [django.request:152] Not Found: /static/daily/category.css
[25/Nov/2016 13:01:51] WARNING [django.server:131] "GET /static/daily/category.css HTTP/1.1" 404 99
[25/Nov/2016 13:01:51] INFO [django.server:131] "GET /static/daily/bootstrap.min.css HTTP/1.1" 200 19581
[25/Nov/2016 13:01:51] WARNING [django.request:152] Not Found: /static/daily/daily.css
[25/Nov/2016 13:01:51] INFO [django.server:131] "GET /static/daily/jquery.min.js HTTP/1.1" 200 33738
[25/Nov/2016 13:01:51] WARNING [django.request:152] Not Found: /static/daily/util.js
[25/Nov/2016 13:01:51] WARNING [django.request:152] Not Found: /static/daily/daily.js
[25/Nov/2016 13:01:51] WARNING [django.server:131] "GET /static/daily/daily.css HTTP/1.1" 404 96
[25/Nov/2016 13:01:51] WARNING [django.server:131] "GET /static/daily/util.js HTTP/1.1" 404 94
[25/Nov/2016 13:01:51] WARNING [django.server:131] "GET /static/daily/daily.js HTTP/1.1" 404 95
[25/Nov/2016 13:01:51] WARNING [django.request:152] Not Found: /static/daily/trash.css
[25/Nov/2016 13:01:51] WARNING [django.server:131] "GET /static/daily/trash.css HTTP/1.1" 404 96
[25/Nov/2016 13:01:51] INFO [django.server:131] "GET /static/daily/ie10-viewport-bug-workaround.css HTTP/1.1" 200 280
[25/Nov/2016 13:01:51] INFO [django.server:131] "GET /static/daily/jquery.timepicker.css HTTP/1.1" 200 443
[25/Nov/2016 13:01:51] INFO [django.server:131] "GET /static/daily/jquery-sortable.js HTTP/1.1" 200 6720
[25/Nov/2016 13:01:51] INFO [django.server:131] "GET /static/daily/jquery.timepicker.js HTTP/1.1" 200 7786
[25/Nov/2016 13:01:51] INFO [django.server:131] "GET /static/daily/bootstrap.min.js HTTP/1.1" 200 9806
[25/Nov/2016 13:01:52] WARNING [django.request:152] Not Found: /static/daily/util.js
[25/Nov/2016 13:01:52] WARNING [django.server:131] "GET /static/daily/util.js HTTP/1.1" 404 94
[25/Nov/2016 13:01:52] WARNING [django.request:152] Not Found: /static/daily/bootstrap.min.css.map
[25/Nov/2016 13:01:52] WARNING [django.server:131] "GET /static/daily/bootstrap.min.css.map HTTP/1.1" 404 108
[25/Nov/2016 13:01:53] WARNING [django.request:152] Not Found: /static/daily/daily.js
[25/Nov/2016 13:01:53] WARNING [django.server:131] "GET /static/daily/daily.js HTTP/1.1" 404 95
[25/Nov/2016 13:01:53] WARNING [django.request:152] Not Found: /static/daily/category.css
[25/Nov/2016 13:01:53] WARNING [django.request:152] Not Found: /static/daily/daily.css
[25/Nov/2016 13:01:53] WARNING [django.server:131] "GET /static/daily/daily.css HTTP/1.1" 404 96
[25/Nov/2016 13:01:53] WARNING [django.request:152] Not Found: /static/daily/trash.css
[25/Nov/2016 13:01:53] WARNING [django.server:131] "GET /static/daily/trash.css HTTP/1.1" 404 96
[25/Nov/2016 13:01:53] WARNING [django.server:131] "GET /static/daily/category.css HTTP/1.1" 404 99
[25/Nov/2016 13:01:54] INFO [django.server:131] "GET / HTTP/1.1" 200 21011
[25/Nov/2016 13:01:54] INFO [django.server:131] "GET /static/daily/bootstrap.min.css HTTP/1.1" 200 19581
[25/Nov/2016 13:01:55] WARNING [django.request:152] Not Found: /static/daily/util.js
[25/Nov/2016 13:01:55] INFO [django.server:131] "GET /static/daily/jquery.min.js HTTP/1.1" 200 33738
[25/Nov/2016 13:01:55] WARNING [django.server:131] "GET /static/daily/util.js HTTP/1.1" 404 94
[25/Nov/2016 13:01:55] WARNING [django.request:152] Not Found: /static/daily/daily.js
[25/Nov/2016 13:01:55] WARNING [django.server:131] "GET /static/daily/daily.js HTTP/1.1" 404 95
[25/Nov/2016 13:01:55] WARNING [django.request:152] Not Found: /static/daily/category.css
[25/Nov/2016 13:01:55] WARNING [django.request:152] Not Found: /static/daily/daily.css
[25/Nov/2016 13:01:55] WARNING [django.server:131] "GET /static/daily/category.css HTTP/1.1" 404 99
[25/Nov/2016 13:01:55] WARNING [django.server:131] "GET /static/daily/daily.css HTTP/1.1" 404 96
[25/Nov/2016 13:01:55] WARNING [django.request:152] Not Found: /static/daily/trash.css
[25/Nov/2016 13:01:55] WARNING [django.server:131] "GET /static/daily/trash.css HTTP/1.1" 404 96
[25/Nov/2016 13:01:55] INFO [django.server:131] "GET /static/daily/ie10-viewport-bug-workaround.css HTTP/1.1" 200 280
[25/Nov/2016 13:01:55] INFO [django.server:131] "GET /static/daily/bootstrap.min.js HTTP/1.1" 200 9806
[25/Nov/2016 13:01:55] INFO [django.server:131] "GET /static/daily/jquery-sortable.js HTTP/1.1" 200 6720
[25/Nov/2016 13:01:55] INFO [django.server:131] "GET /static/daily/jquery.timepicker.css HTTP/1.1" 200 443
[25/Nov/2016 13:01:55] INFO [django.server:131] "GET /static/daily/jquery.timepicker.js HTTP/1.1" 200 7786
[25/Nov/2016 13:01:55] WARNING [django.request:152] Not Found: /static/daily/util.js
[25/Nov/2016 13:01:55] WARNING [django.server:131] "GET /static/daily/util.js HTTP/1.1" 404 94
[25/Nov/2016 13:01:55] WARNING [django.request:152] Not Found: /static/daily/bootstrap.min.css.map
[25/Nov/2016 13:01:55] WARNING [django.server:131] "GET /static/daily/bootstrap.min.css.map HTTP/1.1" 404 108
[25/Nov/2016 13:01:55] WARNING [django.request:152] Not Found: /static/daily/daily.js
[25/Nov/2016 13:01:55] WARNING [django.server:131] "GET /static/daily/daily.js HTTP/1.1" 404 95
[25/Nov/2016 13:01:55] WARNING [django.request:152] Not Found: /static/daily/category.css
[25/Nov/2016 13:01:55] WARNING [django.server:131] "GET /static/daily/category.css HTTP/1.1" 404 99
[25/Nov/2016 13:01:55] WARNING [django.request:152] Not Found: /static/daily/daily.css
[25/Nov/2016 13:01:55] WARNING [django.server:131] "GET /static/daily/daily.css HTTP/1.1" 404 96
[25/Nov/2016 13:01:55] WARNING [django.request:152] Not Found: /static/daily/trash.css
[25/Nov/2016 13:01:55] WARNING [django.server:131] "GET /static/daily/trash.css HTTP/1.1" 404 96
[25/Nov/2016 13:04:02] INFO [django.server:131] "GET / HTTP/1.1" 200 21011
[25/Nov/2016 13:04:02] INFO [django.server:131] "GET /static/daily/jquery.min.js HTTP/1.1" 200 33738
[25/Nov/2016 13:04:02] INFO [django.server:131] "GET /static/daily/bootstrap.min.css HTTP/1.1" 200 19581
[25/Nov/2016 13:04:02] WARNING [django.request:152] Not Found: /static/daily/daily.js
[25/Nov/2016 13:04:02] WARNING [django.server:131] "GET /static/daily/daily.js HTTP/1.1" 404 95
[25/Nov/2016 13:04:02] WARNING [django.request:152] Not Found: /static/daily/util.js
[25/Nov/2016 13:04:02] WARNING [django.server:131] "GET /static/daily/util.js HTTP/1.1" 404 94
[25/Nov/2016 13:04:02] WARNING [django.request:152] Not Found: /static/daily/category.css
[25/Nov/2016 13:04:02] WARNING [django.request:152] Not Found: /static/daily/daily.css
[25/Nov/2016 13:04:02] WARNING [django.server:131] "GET /static/daily/daily.css HTTP/1.1" 404 96
[25/Nov/2016 13:04:02] WARNING [django.server:131] "GET /static/daily/category.css HTTP/1.1" 404 99
[25/Nov/2016 13:04:02] WARNING [django.request:152] Not Found: /static/daily/trash.css
[25/Nov/2016 13:04:02] WARNING [django.server:131] "GET /static/daily/trash.css HTTP/1.1" 404 96
[25/Nov/2016 13:04:02] INFO [django.server:131] "GET /static/daily/jquery.timepicker.css HTTP/1.1" 200 443
[25/Nov/2016 13:04:02] INFO [django.server:131] "GET /static/daily/ie10-viewport-bug-workaround.css HTTP/1.1" 200 280
[25/Nov/2016 13:04:02] INFO [django.server:131] "GET /static/daily/jquery-sortable.js HTTP/1.1" 200 6720
[25/Nov/2016 13:04:02] INFO [django.server:131] "GET /static/daily/bootstrap.min.js HTTP/1.1" 200 9806
[25/Nov/2016 13:04:02] INFO [django.server:131] "GET /static/daily/jquery.timepicker.js HTTP/1.1" 200 7786
[25/Nov/2016 13:04:03] WARNING [django.request:152] Not Found: /static/daily/util.js
[25/Nov/2016 13:04:03] WARNING [django.server:131] "GET /static/daily/util.js HTTP/1.1" 404 94
[25/Nov/2016 13:04:03] WARNING [django.request:152] Not Found: /static/daily/bootstrap.min.css.map
[25/Nov/2016 13:04:03] WARNING [django.server:131] "GET /static/daily/bootstrap.min.css.map HTTP/1.1" 404 108
[25/Nov/2016 13:04:03] WARNING [django.request:152] Not Found: /static/daily/daily.js
[25/Nov/2016 13:04:03] WARNING [django.server:131] "GET /static/daily/daily.js HTTP/1.1" 404 95
[25/Nov/2016 13:04:03] WARNING [django.request:152] Not Found: /static/daily/category.css
[25/Nov/2016 13:04:03] WARNING [django.request:152] Not Found: /static/daily/daily.css
[25/Nov/2016 13:04:03] WARNING [django.server:131] "GET /static/daily/daily.css HTTP/1.1" 404 96
[25/Nov/2016 13:04:03] WARNING [django.server:131] "GET /static/daily/category.css HTTP/1.1" 404 99
[25/Nov/2016 13:04:03] WARNING [django.request:152] Not Found: /static/daily/trash.css
[25/Nov/2016 13:04:03] WARNING [django.server:131] "GET /static/daily/trash.css HTTP/1.1" 404 96
[25/Nov/2016 13:04:07] INFO [django.server:131] "GET /daily/ HTTP/1.1" 200 21011
[25/Nov/2016 13:04:07] WARNING [django.request:152] Not Found: /static/daily/category.css
[25/Nov/2016 13:04:07] WARNING [django.request:152] Not Found: /static/daily/util.js
[25/Nov/2016 13:04:07] WARNING [django.server:131] "GET /static/daily/category.css HTTP/1.1" 404 99
[25/Nov/2016 13:04:07] INFO [django.server:131] "GET /static/daily/bootstrap.min.css HTTP/1.1" 200 19581
[25/Nov/2016 13:04:07] WARNING [django.server:131] "GET /static/daily/util.js HTTP/1.1" 404 94
[25/Nov/2016 13:04:07] WARNING [django.request:152] Not Found: /static/daily/daily.css
[25/Nov/2016 13:04:07] WARNING [django.request:152] Not Found: /static/daily/trash.css
[25/Nov/2016 13:04:07] INFO [django.server:131] "GET /static/daily/jquery.min.js HTTP/1.1" 200 33738
[25/Nov/2016 13:04:07] WARNING [django.server:131] "GET /static/daily/daily.css HTTP/1.1" 404 96
[25/Nov/2016 13:04:07] WARNING [django.server:131] "GET /static/daily/trash.css HTTP/1.1" 404 96
[25/Nov/2016 13:04:07] INFO [django.server:131] "GET /static/daily/ie10-viewport-bug-workaround.css HTTP/1.1" 200 280
[25/Nov/2016 13:04:07] INFO [django.server:131] "GET /static/daily/jquery.timepicker.css HTTP/1.1" 200 443
[25/Nov/2016 13:04:07] WARNING [django.request:152] Not Found: /static/daily/daily.js
[25/Nov/2016 13:04:07] WARNING [django.server:131] "GET /static/daily/daily.js HTTP/1.1" 404 95
[25/Nov/2016 13:04:07] INFO [django.server:131] "GET /static/daily/bootstrap.min.js HTTP/1.1" 200 9806
[25/Nov/2016 13:04:07] INFO [django.server:131] "GET /static/daily/jquery.timepicker.js HTTP/1.1" 200 7786
[25/Nov/2016 13:04:07] INFO [django.server:131] "GET /static/daily/jquery-sortable.js HTTP/1.1" 200 6720
[25/Nov/2016 13:04:07] WARNING [django.request:152] Not Found: /static/daily/util.js
[25/Nov/2016 13:04:07] WARNING [django.server:131] "GET /static/daily/util.js HTTP/1.1" 404 94
[25/Nov/2016 13:04:07] WARNING [django.request:152] Not Found: /static/daily/bootstrap.min.css.map
[25/Nov/2016 13:04:07] WARNING [django.server:131] "GET /static/daily/bootstrap.min.css.map HTTP/1.1" 404 108
[25/Nov/2016 13:04:07] WARNING [django.request:152] Not Found: /static/daily/daily.js
[25/Nov/2016 13:04:07] WARNING [django.server:131] "GET /static/daily/daily.js HTTP/1.1" 404 95
[25/Nov/2016 13:04:08] INFO [django.server:131] "GET / HTTP/1.1" 200 21011
[25/Nov/2016 13:04:08] INFO [django.server:131] "GET /static/daily/jquery.min.js HTTP/1.1" 200 33738
[25/Nov/2016 13:04:08] INFO [django.server:131] "GET /static/daily/bootstrap.min.css HTTP/1.1" 200 19581
[25/Nov/2016 13:04:08] WARNING [django.request:152] Not Found: /static/daily/util.js
[25/Nov/2016 13:04:08] WARNING [django.server:131] "GET /static/daily/util.js HTTP/1.1" 404 94
[25/Nov/2016 13:04:08] WARNING [django.request:152] Not Found: /static/daily/category.css
[25/Nov/2016 13:04:08] WARNING [django.server:131] "GET /static/daily/category.css HTTP/1.1" 404 99
[25/Nov/2016 13:04:08] WARNING [django.request:152] Not Found: /static/daily/daily.css
[25/Nov/2016 13:04:08] WARNING [django.server:131] "GET /static/daily/daily.css HTTP/1.1" 404 96
[25/Nov/2016 13:04:08] WARNING [django.request:152] Not Found: /static/daily/daily.js
[25/Nov/2016 13:04:08] INFO [django.server:131] "GET /static/daily/ie10-viewport-bug-workaround.css HTTP/1.1" 200 280
[25/Nov/2016 13:04:08] WARNING [django.request:152] Not Found: /static/daily/trash.css
[25/Nov/2016 13:04:08] WARNING [django.server:131] "GET /static/daily/daily.js HTTP/1.1" 404 95
[25/Nov/2016 13:04:08] INFO [django.server:131] "GET /static/daily/bootstrap.min.js HTTP/1.1" 200 9806
[25/Nov/2016 13:04:08] INFO [django.server:131] "GET /static/daily/jquery.timepicker.css HTTP/1.1" 200 443
[25/Nov/2016 13:04:08] WARNING [django.server:131] "GET /static/daily/trash.css HTTP/1.1" 404 96
[25/Nov/2016 13:04:08] INFO [django.server:131] "GET /static/daily/jquery-sortable.js HTTP/1.1" 200 6720
[25/Nov/2016 13:04:08] INFO [django.server:131] "GET /static/daily/jquery.timepicker.js HTTP/1.1" 200 7786
[25/Nov/2016 13:04:08] WARNING [django.request:152] Not Found: /static/daily/util.js
[25/Nov/2016 13:04:08] WARNING [django.server:131] "GET /static/daily/util.js HTTP/1.1" 404 94
[25/Nov/2016 13:04:08] WARNING [django.request:152] Not Found: /static/daily/bootstrap.min.css.map
[25/Nov/2016 13:04:08] WARNING [django.server:131] "GET /static/daily/bootstrap.min.css.map HTTP/1.1" 404 108
[25/Nov/2016 13:04:08] WARNING [django.request:152] Not Found: /static/daily/daily.js
[25/Nov/2016 13:04:08] WARNING [django.server:131] "GET /static/daily/daily.js HTTP/1.1" 404 95
[25/Nov/2016 13:04:08] WARNING [django.request:152] Not Found: /static/daily/category.css
[25/Nov/2016 13:04:08] WARNING [django.request:152] Not Found: /static/daily/daily.css
[25/Nov/2016 13:04:08] WARNING [django.request:152] Not Found: /static/daily/trash.css
[25/Nov/2016 13:04:08] WARNING [django.server:131] "GET /static/daily/category.css HTTP/1.1" 404 99
[25/Nov/2016 13:04:08] WARNING [django.server:131] "GET /static/daily/daily.css HTTP/1.1" 404 96
[25/Nov/2016 13:04:08] WARNING [django.server:131] "GET /static/daily/trash.css HTTP/1.1" 404 96
[25/Nov/2016 13:04:54] DEBUG [django.db.backends:90] (0.003) 
            SELECT c.relname, c.relkind
            FROM pg_catalog.pg_class c
            LEFT JOIN pg_catalog.pg_namespace n ON n.oid = c.relnamespace
            WHERE c.relkind IN ('r', 'v')
                AND n.nspname NOT IN ('pg_catalog', 'pg_toast')
                AND pg_catalog.pg_table_is_visible(c.oid); args=None
[25/Nov/2016 13:04:54] DEBUG [django.db.backends:90] (0.001) SELECT "django_migrations"."app", "django_migrations"."name" FROM "django_migrations"; args=()
[25/Nov/2016 13:04:55] DEBUG [django.db.backends:90] (0.004) 
            SELECT c.relname, c.relkind
            FROM pg_catalog.pg_class c
            LEFT JOIN pg_catalog.pg_namespace n ON n.oid = c.relnamespace
            WHERE c.relkind IN ('r', 'v')
                AND n.nspname NOT IN ('pg_catalog', 'pg_toast')
                AND pg_catalog.pg_table_is_visible(c.oid); args=None
[25/Nov/2016 13:04:55] DEBUG [django.db.backends:90] (0.001) SELECT "django_migrations"."app", "django_migrations"."name" FROM "django_migrations"; args=()
[25/Nov/2016 13:04:56] DEBUG [django.db.backends:90] (0.005) SELECT "django_session"."session_key", "django_session"."session_data", "django_session"."expire_date" FROM "django_session" WHERE ("django_session"."session_key" = 'rpk3qb841xc9qggp1xzczo64kd3kk889' AND "django_session"."expire_date" > '2016-11-25T10:04:56.582365+00:00'::timestamptz); args=('rpk3qb841xc9qggp1xzczo64kd3kk889', datetime.datetime(2016, 11, 25, 10, 4, 56, 582365, tzinfo=<UTC>))
[25/Nov/2016 13:04:56] DEBUG [django.db.backends:90] (0.001) SELECT "auth_user"."id", "auth_user"."password", "auth_user"."last_login", "auth_user"."is_superuser", "auth_user"."username", "auth_user"."first_name", "auth_user"."last_name", "auth_user"."email", "auth_user"."is_staff", "auth_user"."is_active", "auth_user"."date_joined" FROM "auth_user" WHERE "auth_user"."id" = 1; args=(1,)
[25/Nov/2016 13:04:56] DEBUG [django.db.backends:90] (0.002) SELECT "daily_project"."id", "daily_project"."name", "daily_project"."start_date", "daily_project"."end_date", "daily_project"."status" FROM "daily_project" WHERE (("daily_project"."status" = 'INCMP' AND EXTRACT('day' FROM "daily_project"."start_date" AT TIME ZONE 'Asia/Bahrain') <= 25 AND "daily_project"."start_date" <= '2016-12-31T23:59:59.999999+03:00'::timestamptz AND EXTRACT('month' FROM "daily_project"."start_date" AT TIME ZONE 'Asia/Bahrain') <= 11) OR (EXTRACT('day' FROM "daily_project"."start_date" AT TIME ZONE 'Asia/Bahrain') = 25 AND EXTRACT('month' FROM "daily_project"."start_date" AT TIME ZONE 'Asia/Bahrain') = 11 AND "daily_project"."start_date" BETWEEN '2016-01-01T00:00:00+03:00'::timestamptz AND '2016-12-31T23:59:59.999999+03:00'::timestamptz)); args=('INCMP', 'Asia/Bahrain', 25, datetime.datetime(2016, 12, 31, 23, 59, 59, 999999, tzinfo=<DstTzInfo 'Asia/Bahrain' AST+3:00:00 STD>), 'Asia/Bahrain', 11, 'Asia/Bahrain', 25, 'Asia/Bahrain', 11, datetime.datetime(2016, 1, 1, 0, 0, tzinfo=<DstTzInfo 'Asia/Bahrain' AST+3:00:00 STD>), datetime.datetime(2016, 12, 31, 23, 59, 59, 999999, tzinfo=<DstTzInfo 'Asia/Bahrain' AST+3:00:00 STD>))
[25/Nov/2016 13:04:56] DEBUG [django.db.backends:90] (0.001) SELECT "daily_project"."id", "daily_project"."name", "daily_project"."start_date", "daily_project"."end_date", "daily_project"."status" FROM "daily_project" WHERE (("daily_project"."status" = 'INCMP' AND EXTRACT('day' FROM "daily_project"."start_date" AT TIME ZONE 'Asia/Bahrain') <= 25 AND "daily_project"."start_date" <= '2016-12-31T23:59:59.999999+03:00'::timestamptz AND EXTRACT('month' FROM "daily_project"."start_date" AT TIME ZONE 'Asia/Bahrain') <= 11) OR (EXTRACT('day' FROM "daily_project"."start_date" AT TIME ZONE 'Asia/Bahrain') = 25 AND EXTRACT('month' FROM "daily_project"."start_date" AT TIME ZONE 'Asia/Bahrain') = 11 AND "daily_project"."start_date" BETWEEN '2016-01-01T00:00:00+03:00'::timestamptz AND '2016-12-31T23:59:59.999999+03:00'::timestamptz)); args=('INCMP', 'Asia/Bahrain', 25, datetime.datetime(2016, 12, 31, 23, 59, 59, 999999, tzinfo=<DstTzInfo 'Asia/Bahrain' AST+3:00:00 STD>), 'Asia/Bahrain', 11, 'Asia/Bahrain', 25, 'Asia/Bahrain', 11, datetime.datetime(2016, 1, 1, 0, 0, tzinfo=<DstTzInfo 'Asia/Bahrain' AST+3:00:00 STD>), datetime.datetime(2016, 12, 31, 23, 59, 59, 999999, tzinfo=<DstTzInfo 'Asia/Bahrain' AST+3:00:00 STD>))
[25/Nov/2016 13:04:56] DEBUG [django.db.backends:90] (0.002) SELECT "daily_employee"."id", "daily_employee"."name" FROM "daily_employee" INNER JOIN "daily_project_employee" ON ("daily_employee"."id" = "daily_project_employee"."employee_id") WHERE "daily_project_employee"."project_id" = 13; args=(13,)
[25/Nov/2016 13:04:56] DEBUG [django.db.backends:90] (0.001) SELECT "daily_vehicle"."id", "daily_vehicle"."name" FROM "daily_vehicle" INNER JOIN "daily_project_vehicle" ON ("daily_vehicle"."id" = "daily_project_vehicle"."vehicle_id") WHERE "daily_project_vehicle"."project_id" = 13; args=(13,)
[25/Nov/2016 13:04:56] DEBUG [django.db.backends:90] (0.001) SELECT "daily_phone"."id", "daily_phone"."number" FROM "daily_phone" INNER JOIN "daily_project_phone" ON ("daily_phone"."id" = "daily_project_phone"."phone_id") WHERE "daily_project_phone"."project_id" = 13; args=(13,)
[25/Nov/2016 13:04:56] DEBUG [django.db.backends:90] (0.000) SELECT "daily_employee"."id", "daily_employee"."name" FROM "daily_employee" INNER JOIN "daily_project_employee" ON ("daily_employee"."id" = "daily_project_employee"."employee_id") WHERE "daily_project_employee"."project_id" = 14; args=(14,)
[25/Nov/2016 13:04:56] DEBUG [django.db.backends:90] (0.000) SELECT "daily_vehicle"."id", "daily_vehicle"."name" FROM "daily_vehicle" INNER JOIN "daily_project_vehicle" ON ("daily_vehicle"."id" = "daily_project_vehicle"."vehicle_id") WHERE "daily_project_vehicle"."project_id" = 14; args=(14,)
[25/Nov/2016 13:04:56] DEBUG [django.db.backends:90] (0.000) SELECT "daily_phone"."id", "daily_phone"."number" FROM "daily_phone" INNER JOIN "daily_project_phone" ON ("daily_phone"."id" = "daily_project_phone"."phone_id") WHERE "daily_project_phone"."project_id" = 14; args=(14,)
[25/Nov/2016 13:04:56] DEBUG [django.db.backends:90] (0.000) SELECT "daily_employee"."id", "daily_employee"."name" FROM "daily_employee" INNER JOIN "daily_project_employee" ON ("daily_employee"."id" = "daily_project_employee"."employee_id") WHERE "daily_project_employee"."project_id" = 11; args=(11,)
[25/Nov/2016 13:04:56] DEBUG [django.db.backends:90] (0.001) SELECT "daily_category"."id", "daily_category"."name" FROM "daily_category" INNER JOIN "daily_employee_category" ON ("daily_category"."id" = "daily_employee_category"."category_id") WHERE "daily_employee_category"."employee_id" = 2; args=(2,)
[25/Nov/2016 13:04:56] DEBUG [django.db.backends:90] (0.001) SELECT "daily_category"."id", "daily_category"."name" FROM "daily_category" INNER JOIN "daily_employee_category" ON ("daily_category"."id" = "daily_employee_category"."category_id") WHERE "daily_employee_category"."employee_id" = 3; args=(3,)
[25/Nov/2016 13:04:56] DEBUG [django.db.backends:90] (0.000) SELECT "daily_vehicle"."id", "daily_vehicle"."name" FROM "daily_vehicle" INNER JOIN "daily_project_vehicle" ON ("daily_vehicle"."id" = "daily_project_vehicle"."vehicle_id") WHERE "daily_project_vehicle"."project_id" = 11; args=(11,)
[25/Nov/2016 13:04:56] DEBUG [django.db.backends:90] (0.000) SELECT "daily_phone"."id", "daily_phone"."number" FROM "daily_phone" INNER JOIN "daily_project_phone" ON ("daily_phone"."id" = "daily_project_phone"."phone_id") WHERE "daily_project_phone"."project_id" = 11; args=(11,)
[25/Nov/2016 13:04:56] DEBUG [django.db.backends:90] (0.000) SELECT "daily_employee"."id", "daily_employee"."name" FROM "daily_employee" INNER JOIN "daily_project_employee" ON ("daily_employee"."id" = "daily_project_employee"."employee_id") WHERE "daily_project_employee"."project_id" = 12; args=(12,)
[25/Nov/2016 13:04:56] DEBUG [django.db.backends:90] (0.000) SELECT "daily_vehicle"."id", "daily_vehicle"."name" FROM "daily_vehicle" INNER JOIN "daily_project_vehicle" ON ("daily_vehicle"."id" = "daily_project_vehicle"."vehicle_id") WHERE "daily_project_vehicle"."project_id" = 12; args=(12,)
[25/Nov/2016 13:04:56] DEBUG [django.db.backends:90] (0.001) SELECT "daily_phone"."id", "daily_phone"."number" FROM "daily_phone" INNER JOIN "daily_project_phone" ON ("daily_phone"."id" = "daily_project_phone"."phone_id") WHERE "daily_project_phone"."project_id" = 12; args=(12,)
[25/Nov/2016 13:04:56] DEBUG [django.db.backends:90] (0.001) SELECT "daily_employee"."id", "daily_employee"."name" FROM "daily_employee" INNER JOIN "daily_project_employee" ON ("daily_employee"."id" = "daily_project_employee"."employee_id") WHERE "daily_project_employee"."project_id" = 16; args=(16,)
[25/Nov/2016 13:04:56] DEBUG [django.db.backends:90] (0.000) SELECT "daily_vehicle"."id", "daily_vehicle"."name" FROM "daily_vehicle" INNER JOIN "daily_project_vehicle" ON ("daily_vehicle"."id" = "daily_project_vehicle"."vehicle_id") WHERE "daily_project_vehicle"."project_id" = 16; args=(16,)
[25/Nov/2016 13:04:56] DEBUG [django.db.backends:90] (0.000) SELECT "daily_phone"."id", "daily_phone"."number" FROM "daily_phone" INNER JOIN "daily_project_phone" ON ("daily_phone"."id" = "daily_project_phone"."phone_id") WHERE "daily_project_phone"."project_id" = 16; args=(16,)
[25/Nov/2016 13:04:56] DEBUG [django.db.backends:90] (0.000) SELECT "daily_employee"."id", "daily_employee"."name" FROM "daily_employee" INNER JOIN "daily_project_employee" ON ("daily_employee"."id" = "daily_project_employee"."employee_id") WHERE "daily_project_employee"."project_id" = 15; args=(15,)
[25/Nov/2016 13:04:56] DEBUG [django.db.backends:90] (0.000) SELECT "daily_category"."id", "daily_category"."name" FROM "daily_category" INNER JOIN "daily_employee_category" ON ("daily_category"."id" = "daily_employee_category"."category_id") WHERE "daily_employee_category"."employee_id" = 3; args=(3,)
[25/Nov/2016 13:04:56] DEBUG [django.db.backends:90] (0.001) SELECT "daily_vehicle"."id", "daily_vehicle"."name" FROM "daily_vehicle" INNER JOIN "daily_project_vehicle" ON ("daily_vehicle"."id" = "daily_project_vehicle"."vehicle_id") WHERE "daily_project_vehicle"."project_id" = 15; args=(15,)
[25/Nov/2016 13:04:56] DEBUG [django.db.backends:90] (0.000) SELECT "daily_phone"."id", "daily_phone"."number" FROM "daily_phone" INNER JOIN "daily_project_phone" ON ("daily_phone"."id" = "daily_project_phone"."phone_id") WHERE "daily_project_phone"."project_id" = 15; args=(15,)
[25/Nov/2016 13:04:56] DEBUG [django.db.backends:90] (0.000) SELECT "daily_employee"."id", "daily_employee"."name" FROM "daily_employee" INNER JOIN "daily_project_employee" ON ("daily_employee"."id" = "daily_project_employee"."employee_id") WHERE "daily_project_employee"."project_id" = 17; args=(17,)
[25/Nov/2016 13:04:56] DEBUG [django.db.backends:90] (0.000) SELECT "daily_category"."id", "daily_category"."name" FROM "daily_category" INNER JOIN "daily_employee_category" ON ("daily_category"."id" = "daily_employee_category"."category_id") WHERE "daily_employee_category"."employee_id" = 2; args=(2,)
[25/Nov/2016 13:04:56] DEBUG [django.db.backends:90] (0.001) SELECT "daily_vehicle"."id", "daily_vehicle"."name" FROM "daily_vehicle" INNER JOIN "daily_project_vehicle" ON ("daily_vehicle"."id" = "daily_project_vehicle"."vehicle_id") WHERE "daily_project_vehicle"."project_id" = 17; args=(17,)
[25/Nov/2016 13:04:56] DEBUG [django.db.backends:90] (0.000) SELECT "daily_phone"."id", "daily_phone"."number" FROM "daily_phone" INNER JOIN "daily_project_phone" ON ("daily_phone"."id" = "daily_project_phone"."phone_id") WHERE "daily_project_phone"."project_id" = 17; args=(17,)
[25/Nov/2016 13:04:56] DEBUG [django.db.backends:90] (0.000) SELECT "daily_employee"."id", "daily_employee"."name" FROM "daily_employee" INNER JOIN "daily_project_employee" ON ("daily_employee"."id" = "daily_project_employee"."employee_id") WHERE "daily_project_employee"."project_id" = 18; args=(18,)
[25/Nov/2016 13:04:56] DEBUG [django.db.backends:90] (0.000) SELECT "daily_vehicle"."id", "daily_vehicle"."name" FROM "daily_vehicle" INNER JOIN "daily_project_vehicle" ON ("daily_vehicle"."id" = "daily_project_vehicle"."vehicle_id") WHERE "daily_project_vehicle"."project_id" = 18; args=(18,)
[25/Nov/2016 13:04:56] DEBUG [django.db.backends:90] (0.000) SELECT "daily_phone"."id", "daily_phone"."number" FROM "daily_phone" INNER JOIN "daily_project_phone" ON ("daily_phone"."id" = "daily_project_phone"."phone_id") WHERE "daily_project_phone"."project_id" = 18; args=(18,)
[25/Nov/2016 13:04:56] DEBUG [django.db.backends:90] (0.000) SELECT "daily_employee"."id", "daily_employee"."name" FROM "daily_employee" INNER JOIN "daily_project_employee" ON ("daily_employee"."id" = "daily_project_employee"."employee_id") WHERE "daily_project_employee"."project_id" = 21; args=(21,)
[25/Nov/2016 13:04:56] DEBUG [django.db.backends:90] (0.000) SELECT "daily_vehicle"."id", "daily_vehicle"."name" FROM "daily_vehicle" INNER JOIN "daily_project_vehicle" ON ("daily_vehicle"."id" = "daily_project_vehicle"."vehicle_id") WHERE "daily_project_vehicle"."project_id" = 21; args=(21,)
[25/Nov/2016 13:04:56] DEBUG [django.db.backends:90] (0.001) SELECT "daily_phone"."id", "daily_phone"."number" FROM "daily_phone" INNER JOIN "daily_project_phone" ON ("daily_phone"."id" = "daily_project_phone"."phone_id") WHERE "daily_project_phone"."project_id" = 21; args=(21,)
[25/Nov/2016 13:04:56] DEBUG [django.db.backends:90] (0.000) SELECT "daily_employee"."id", "daily_employee"."name" FROM "daily_employee" ORDER BY "daily_employee"."name" ASC; args=()
[25/Nov/2016 13:04:56] DEBUG [django.db.backends:90] (0.000) SELECT "daily_category"."id", "daily_category"."name" FROM "daily_category" INNER JOIN "daily_employee_category" ON ("daily_category"."id" = "daily_employee_category"."category_id") WHERE "daily_employee_category"."employee_id" = 1; args=(1,)
[25/Nov/2016 13:04:56] DEBUG [django.db.backends:90] (0.000) SELECT "daily_category"."id", "daily_category"."name" FROM "daily_category" INNER JOIN "daily_employee_category" ON ("daily_category"."id" = "daily_employee_category"."category_id") WHERE "daily_employee_category"."employee_id" = 2; args=(2,)
[25/Nov/2016 13:04:56] DEBUG [django.db.backends:90] (0.001) SELECT "daily_category"."id", "daily_category"."name" FROM "daily_category" INNER JOIN "daily_employee_category" ON ("daily_category"."id" = "daily_employee_category"."category_id") WHERE "daily_employee_category"."employee_id" = 5; args=(5,)
[25/Nov/2016 13:04:56] DEBUG [django.db.backends:90] (0.000) SELECT "daily_category"."id", "daily_category"."name" FROM "daily_category" INNER JOIN "daily_employee_category" ON ("daily_category"."id" = "daily_employee_category"."category_id") WHERE "daily_employee_category"."employee_id" = 3; args=(3,)
[25/Nov/2016 13:04:56] DEBUG [django.db.backends:90] (0.000) SELECT "daily_category"."id", "daily_category"."name" FROM "daily_category" INNER JOIN "daily_employee_category" ON ("daily_category"."id" = "daily_employee_category"."category_id") WHERE "daily_employee_category"."employee_id" = 6; args=(6,)
[25/Nov/2016 13:04:56] DEBUG [django.db.backends:90] (0.000) SELECT "daily_phone"."id", "daily_phone"."number" FROM "daily_phone" ORDER BY "daily_phone"."number" ASC; args=()
[25/Nov/2016 13:04:56] DEBUG [django.db.backends:90] (0.000) SELECT "daily_vehicle"."id", "daily_vehicle"."name" FROM "daily_vehicle" ORDER BY "daily_vehicle"."name" ASC; args=()
[25/Nov/2016 13:04:56] INFO [django.server:131] "GET / HTTP/1.1" 200 21011
[25/Nov/2016 13:04:56] INFO [django.server:131] "GET /static/daily/daily.css HTTP/1.1" 200 3310
[25/Nov/2016 13:04:56] INFO [django.server:131] "GET /static/daily/bootstrap.min.css HTTP/1.1" 200 121200
[25/Nov/2016 13:04:56] INFO [django.server:131] "GET /static/daily/trash.css HTTP/1.1" 200 1034
[25/Nov/2016 13:04:56] INFO [django.server:131] "GET /static/daily/ie10-viewport-bug-workaround.css HTTP/1.1" 200 433
[25/Nov/2016 13:04:56] INFO [django.server:131] "GET /static/daily/jquery.timepicker.css HTTP/1.1" 200 1584
[25/Nov/2016 13:04:56] INFO [django.server:131] "GET /static/daily/util.js HTTP/1.1" 200 5065
[25/Nov/2016 13:04:56] INFO [django.server:131] "GET /static/daily/category.css HTTP/1.1" 200 51
[25/Nov/2016 13:04:56] INFO [django.server:131] "GET /static/daily/bootstrap.min.js HTTP/1.1" 200 37045
[25/Nov/2016 13:04:56] INFO [django.server:131] "GET /static/daily/daily.js HTTP/1.1" 200 9605
[25/Nov/2016 13:04:56] INFO [django.server:131] "GET /static/daily/jquery.min.js HTTP/1.1" 200 97163
[25/Nov/2016 13:04:56] INFO [django.server:131] "GET /static/daily/jquery-sortable.js HTTP/1.1" 200 23859
[25/Nov/2016 13:04:56] INFO [django.server:131] "GET /static/daily/jquery.timepicker.js HTTP/1.1" 200 30595
[25/Nov/2016 13:04:57] WARNING [django.server:131] "GET /static/daily/bootstrap.min.css.map HTTP/1.1" 404 1694
[25/Nov/2016 13:05:04] INFO [django.server:131] "GET /daily/2016/11/19 HTTP/1.1" 301 0
[25/Nov/2016 13:05:04] DEBUG [django.db.backends:90] (0.003) SELECT "django_session"."session_key", "django_session"."session_data", "django_session"."expire_date" FROM "django_session" WHERE ("django_session"."session_key" = 'rpk3qb841xc9qggp1xzczo64kd3kk889' AND "django_session"."expire_date" > '2016-11-25T10:05:04.137710+00:00'::timestamptz); args=('rpk3qb841xc9qggp1xzczo64kd3kk889', datetime.datetime(2016, 11, 25, 10, 5, 4, 137710, tzinfo=<UTC>))
[25/Nov/2016 13:05:04] DEBUG [django.db.backends:90] (0.001) SELECT "auth_user"."id", "auth_user"."password", "auth_user"."last_login", "auth_user"."is_superuser", "auth_user"."username", "auth_user"."first_name", "auth_user"."last_name", "auth_user"."email", "auth_user"."is_staff", "auth_user"."is_active", "auth_user"."date_joined" FROM "auth_user" WHERE "auth_user"."id" = 1; args=(1,)
[25/Nov/2016 13:05:04] DEBUG [django.db.backends:90] (0.003) SELECT "daily_project"."id", "daily_project"."name", "daily_project"."start_date", "daily_project"."end_date", "daily_project"."status" FROM "daily_project" WHERE (("daily_project"."status" = 'INCMP' AND EXTRACT('day' FROM "daily_project"."start_date" AT TIME ZONE 'Asia/Bahrain') <= 19 AND "daily_project"."start_date" <= '2016-12-31T23:59:59.999999+03:00'::timestamptz AND EXTRACT('month' FROM "daily_project"."start_date" AT TIME ZONE 'Asia/Bahrain') <= 11) OR (EXTRACT('day' FROM "daily_project"."start_date" AT TIME ZONE 'Asia/Bahrain') = 19 AND EXTRACT('month' FROM "daily_project"."start_date" AT TIME ZONE 'Asia/Bahrain') = 11 AND "daily_project"."start_date" BETWEEN '2016-01-01T00:00:00+03:00'::timestamptz AND '2016-12-31T23:59:59.999999+03:00'::timestamptz)); args=('INCMP', 'Asia/Bahrain', 19, datetime.datetime(2016, 12, 31, 23, 59, 59, 999999, tzinfo=<DstTzInfo 'Asia/Bahrain' AST+3:00:00 STD>), 'Asia/Bahrain', 11, 'Asia/Bahrain', 19, 'Asia/Bahrain', 11, datetime.datetime(2016, 1, 1, 0, 0, tzinfo=<DstTzInfo 'Asia/Bahrain' AST+3:00:00 STD>), datetime.datetime(2016, 12, 31, 23, 59, 59, 999999, tzinfo=<DstTzInfo 'Asia/Bahrain' AST+3:00:00 STD>))
[25/Nov/2016 13:05:04] DEBUG [django.db.backends:90] (0.002) SELECT "daily_project"."id", "daily_project"."name", "daily_project"."start_date", "daily_project"."end_date", "daily_project"."status" FROM "daily_project" WHERE (("daily_project"."status" = 'INCMP' AND EXTRACT('day' FROM "daily_project"."start_date" AT TIME ZONE 'Asia/Bahrain') <= 19 AND "daily_project"."start_date" <= '2016-12-31T23:59:59.999999+03:00'::timestamptz AND EXTRACT('month' FROM "daily_project"."start_date" AT TIME ZONE 'Asia/Bahrain') <= 11) OR (EXTRACT('day' FROM "daily_project"."start_date" AT TIME ZONE 'Asia/Bahrain') = 19 AND EXTRACT('month' FROM "daily_project"."start_date" AT TIME ZONE 'Asia/Bahrain') = 11 AND "daily_project"."start_date" BETWEEN '2016-01-01T00:00:00+03:00'::timestamptz AND '2016-12-31T23:59:59.999999+03:00'::timestamptz)); args=('INCMP', 'Asia/Bahrain', 19, datetime.datetime(2016, 12, 31, 23, 59, 59, 999999, tzinfo=<DstTzInfo 'Asia/Bahrain' AST+3:00:00 STD>), 'Asia/Bahrain', 11, 'Asia/Bahrain', 19, 'Asia/Bahrain', 11, datetime.datetime(2016, 1, 1, 0, 0, tzinfo=<DstTzInfo 'Asia/Bahrain' AST+3:00:00 STD>), datetime.datetime(2016, 12, 31, 23, 59, 59, 999999, tzinfo=<DstTzInfo 'Asia/Bahrain' AST+3:00:00 STD>))
[25/Nov/2016 13:05:04] DEBUG [django.db.backends:90] (0.001) SELECT "daily_employee"."id", "daily_employee"."name" FROM "daily_employee" INNER JOIN "daily_project_employee" ON ("daily_employee"."id" = "daily_project_employee"."employee_id") WHERE "daily_project_employee"."project_id" = 13; args=(13,)
[25/Nov/2016 13:05:04] DEBUG [django.db.backends:90] (0.001) SELECT "daily_vehicle"."id", "daily_vehicle"."name" FROM "daily_vehicle" INNER JOIN "daily_project_vehicle" ON ("daily_vehicle"."id" = "daily_project_vehicle"."vehicle_id") WHERE "daily_project_vehicle"."project_id" = 13; args=(13,)
[25/Nov/2016 13:05:04] DEBUG [django.db.backends:90] (0.001) SELECT "daily_phone"."id", "daily_phone"."number" FROM "daily_phone" INNER JOIN "daily_project_phone" ON ("daily_phone"."id" = "daily_project_phone"."phone_id") WHERE "daily_project_phone"."project_id" = 13; args=(13,)
[25/Nov/2016 13:05:04] DEBUG [django.db.backends:90] (0.000) SELECT "daily_employee"."id", "daily_employee"."name" FROM "daily_employee" INNER JOIN "daily_project_employee" ON ("daily_employee"."id" = "daily_project_employee"."employee_id") WHERE "daily_project_employee"."project_id" = 14; args=(14,)
[25/Nov/2016 13:05:04] DEBUG [django.db.backends:90] (0.000) SELECT "daily_vehicle"."id", "daily_vehicle"."name" FROM "daily_vehicle" INNER JOIN "daily_project_vehicle" ON ("daily_vehicle"."id" = "daily_project_vehicle"."vehicle_id") WHERE "daily_project_vehicle"."project_id" = 14; args=(14,)
[25/Nov/2016 13:05:04] DEBUG [django.db.backends:90] (0.001) SELECT "daily_phone"."id", "daily_phone"."number" FROM "daily_phone" INNER JOIN "daily_project_phone" ON ("daily_phone"."id" = "daily_project_phone"."phone_id") WHERE "daily_project_phone"."project_id" = 14; args=(14,)
[25/Nov/2016 13:05:04] DEBUG [django.db.backends:90] (0.001) SELECT "daily_employee"."id", "daily_employee"."name" FROM "daily_employee" INNER JOIN "daily_project_employee" ON ("daily_employee"."id" = "daily_project_employee"."employee_id") WHERE "daily_project_employee"."project_id" = 11; args=(11,)
[25/Nov/2016 13:05:04] DEBUG [django.db.backends:90] (0.001) SELECT "daily_category"."id", "daily_category"."name" FROM "daily_category" INNER JOIN "daily_employee_category" ON ("daily_category"."id" = "daily_employee_category"."category_id") WHERE "daily_employee_category"."employee_id" = 2; args=(2,)
[25/Nov/2016 13:05:04] DEBUG [django.db.backends:90] (0.001) SELECT "daily_category"."id", "daily_category"."name" FROM "daily_category" INNER JOIN "daily_employee_category" ON ("daily_category"."id" = "daily_employee_category"."category_id") WHERE "daily_employee_category"."employee_id" = 3; args=(3,)
[25/Nov/2016 13:05:04] DEBUG [django.db.backends:90] (0.000) SELECT "daily_vehicle"."id", "daily_vehicle"."name" FROM "daily_vehicle" INNER JOIN "daily_project_vehicle" ON ("daily_vehicle"."id" = "daily_project_vehicle"."vehicle_id") WHERE "daily_project_vehicle"."project_id" = 11; args=(11,)
[25/Nov/2016 13:05:04] DEBUG [django.db.backends:90] (0.000) SELECT "daily_phone"."id", "daily_phone"."number" FROM "daily_phone" INNER JOIN "daily_project_phone" ON ("daily_phone"."id" = "daily_project_phone"."phone_id") WHERE "daily_project_phone"."project_id" = 11; args=(11,)
[25/Nov/2016 13:05:04] DEBUG [django.db.backends:90] (0.000) SELECT "daily_employee"."id", "daily_employee"."name" FROM "daily_employee" INNER JOIN "daily_project_employee" ON ("daily_employee"."id" = "daily_project_employee"."employee_id") WHERE "daily_project_employee"."project_id" = 12; args=(12,)
[25/Nov/2016 13:05:04] DEBUG [django.db.backends:90] (0.000) SELECT "daily_vehicle"."id", "daily_vehicle"."name" FROM "daily_vehicle" INNER JOIN "daily_project_vehicle" ON ("daily_vehicle"."id" = "daily_project_vehicle"."vehicle_id") WHERE "daily_project_vehicle"."project_id" = 12; args=(12,)
[25/Nov/2016 13:05:04] DEBUG [django.db.backends:90] (0.000) SELECT "daily_phone"."id", "daily_phone"."number" FROM "daily_phone" INNER JOIN "daily_project_phone" ON ("daily_phone"."id" = "daily_project_phone"."phone_id") WHERE "daily_project_phone"."project_id" = 12; args=(12,)
[25/Nov/2016 13:05:04] DEBUG [django.db.backends:90] (0.000) SELECT "daily_employee"."id", "daily_employee"."name" FROM "daily_employee" INNER JOIN "daily_project_employee" ON ("daily_employee"."id" = "daily_project_employee"."employee_id") WHERE "daily_project_employee"."project_id" = 16; args=(16,)
[25/Nov/2016 13:05:04] DEBUG [django.db.backends:90] (0.001) SELECT "daily_vehicle"."id", "daily_vehicle"."name" FROM "daily_vehicle" INNER JOIN "daily_project_vehicle" ON ("daily_vehicle"."id" = "daily_project_vehicle"."vehicle_id") WHERE "daily_project_vehicle"."project_id" = 16; args=(16,)
[25/Nov/2016 13:05:04] DEBUG [django.db.backends:90] (0.001) SELECT "daily_phone"."id", "daily_phone"."number" FROM "daily_phone" INNER JOIN "daily_project_phone" ON ("daily_phone"."id" = "daily_project_phone"."phone_id") WHERE "daily_project_phone"."project_id" = 16; args=(16,)
[25/Nov/2016 13:05:04] DEBUG [django.db.backends:90] (0.003) SELECT "daily_employee"."id", "daily_employee"."name" FROM "daily_employee" ORDER BY "daily_employee"."name" ASC; args=()
[25/Nov/2016 13:05:04] DEBUG [django.db.backends:90] (0.001) SELECT "daily_category"."id", "daily_category"."name" FROM "daily_category" INNER JOIN "daily_employee_category" ON ("daily_category"."id" = "daily_employee_category"."category_id") WHERE "daily_employee_category"."employee_id" = 1; args=(1,)
[25/Nov/2016 13:05:04] DEBUG [django.db.backends:90] (0.000) SELECT "daily_category"."id", "daily_category"."name" FROM "daily_category" INNER JOIN "daily_employee_category" ON ("daily_category"."id" = "daily_employee_category"."category_id") WHERE "daily_employee_category"."employee_id" = 2; args=(2,)
[25/Nov/2016 13:05:04] DEBUG [django.db.backends:90] (0.000) SELECT "daily_category"."id", "daily_category"."name" FROM "daily_category" INNER JOIN "daily_employee_category" ON ("daily_category"."id" = "daily_employee_category"."category_id") WHERE "daily_employee_category"."employee_id" = 5; args=(5,)
[25/Nov/2016 13:05:04] DEBUG [django.db.backends:90] (0.000) SELECT "daily_category"."id", "daily_category"."name" FROM "daily_category" INNER JOIN "daily_employee_category" ON ("daily_category"."id" = "daily_employee_category"."category_id") WHERE "daily_employee_category"."employee_id" = 3; args=(3,)
[25/Nov/2016 13:05:04] DEBUG [django.db.backends:90] (0.000) SELECT "daily_category"."id", "daily_category"."name" FROM "daily_category" INNER JOIN "daily_employee_category" ON ("daily_category"."id" = "daily_employee_category"."category_id") WHERE "daily_employee_category"."employee_id" = 6; args=(6,)
[25/Nov/2016 13:05:04] DEBUG [django.db.backends:90] (0.000) SELECT "daily_phone"."id", "daily_phone"."number" FROM "daily_phone" ORDER BY "daily_phone"."number" ASC; args=()
[25/Nov/2016 13:05:04] DEBUG [django.db.backends:90] (0.000) SELECT "daily_vehicle"."id", "daily_vehicle"."name" FROM "daily_vehicle" ORDER BY "daily_vehicle"."name" ASC; args=()
[25/Nov/2016 13:05:04] INFO [django.server:131] "GET /daily/2016/11/19/ HTTP/1.1" 200 15014
[25/Nov/2016 13:05:04] INFO [django.server:131] "GET /static/daily/jquery.min.js HTTP/1.1" 200 97163
[25/Nov/2016 13:05:04] INFO [django.server:131] "GET /static/daily/util.js HTTP/1.1" 200 5065
[25/Nov/2016 13:05:04] INFO [django.server:131] "GET /static/daily/bootstrap.min.css HTTP/1.1" 200 121200
[25/Nov/2016 13:05:04] INFO [django.server:131] "GET /static/daily/category.css HTTP/1.1" 200 51
[25/Nov/2016 13:05:04] INFO [django.server:131] "GET /static/daily/daily.css HTTP/1.1" 200 3310
[25/Nov/2016 13:05:04] INFO [django.server:131] "GET /static/daily/daily.js HTTP/1.1" 200 9605
[25/Nov/2016 13:05:04] INFO [django.server:131] "GET /static/daily/jquery.timepicker.css HTTP/1.1" 200 1584
[25/Nov/2016 13:05:04] INFO [django.server:131] "GET /static/daily/ie10-viewport-bug-workaround.css HTTP/1.1" 200 433
[25/Nov/2016 13:05:04] INFO [django.server:131] "GET /static/daily/trash.css HTTP/1.1" 200 1034
[25/Nov/2016 13:05:04] INFO [django.server:131] "GET /static/daily/bootstrap.min.js HTTP/1.1" 200 37045
[25/Nov/2016 13:05:04] INFO [django.server:131] "GET /static/daily/jquery-sortable.js HTTP/1.1" 200 23859
[25/Nov/2016 13:05:04] INFO [django.server:131] "GET /static/daily/jquery.timepicker.js HTTP/1.1" 200 30595
[25/Nov/2016 13:05:04] WARNING [django.server:131] "GET /static/daily/bootstrap.min.css.map HTTP/1.1" 404 1694
[25/Nov/2016 13:05:06] INFO [django.server:131] "GET /daily/2016/11/09 HTTP/1.1" 301 0
[25/Nov/2016 13:05:06] DEBUG [django.db.backends:90] (0.002) SELECT "django_session"."session_key", "django_session"."session_data", "django_session"."expire_date" FROM "django_session" WHERE ("django_session"."session_key" = 'rpk3qb841xc9qggp1xzczo64kd3kk889' AND "django_session"."expire_date" > '2016-11-25T10:05:06.322747+00:00'::timestamptz); args=('rpk3qb841xc9qggp1xzczo64kd3kk889', datetime.datetime(2016, 11, 25, 10, 5, 6, 322747, tzinfo=<UTC>))
[25/Nov/2016 13:05:06] DEBUG [django.db.backends:90] (0.001) SELECT "auth_user"."id", "auth_user"."password", "auth_user"."last_login", "auth_user"."is_superuser", "auth_user"."username", "auth_user"."first_name", "auth_user"."last_name", "auth_user"."email", "auth_user"."is_staff", "auth_user"."is_active", "auth_user"."date_joined" FROM "auth_user" WHERE "auth_user"."id" = 1; args=(1,)
[25/Nov/2016 13:05:06] DEBUG [django.db.backends:90] (0.002) SELECT "daily_project"."id", "daily_project"."name", "daily_project"."start_date", "daily_project"."end_date", "daily_project"."status" FROM "daily_project" WHERE (("daily_project"."status" = 'INCMP' AND EXTRACT('day' FROM "daily_project"."start_date" AT TIME ZONE 'Asia/Bahrain') <= 9 AND "daily_project"."start_date" <= '2016-12-31T23:59:59.999999+03:00'::timestamptz AND EXTRACT('month' FROM "daily_project"."start_date" AT TIME ZONE 'Asia/Bahrain') <= 11) OR (EXTRACT('day' FROM "daily_project"."start_date" AT TIME ZONE 'Asia/Bahrain') = 9 AND EXTRACT('month' FROM "daily_project"."start_date" AT TIME ZONE 'Asia/Bahrain') = 11 AND "daily_project"."start_date" BETWEEN '2016-01-01T00:00:00+03:00'::timestamptz AND '2016-12-31T23:59:59.999999+03:00'::timestamptz)); args=('INCMP', 'Asia/Bahrain', 9, datetime.datetime(2016, 12, 31, 23, 59, 59, 999999, tzinfo=<DstTzInfo 'Asia/Bahrain' AST+3:00:00 STD>), 'Asia/Bahrain', 11, 'Asia/Bahrain', 9, 'Asia/Bahrain', 11, datetime.datetime(2016, 1, 1, 0, 0, tzinfo=<DstTzInfo 'Asia/Bahrain' AST+3:00:00 STD>), datetime.datetime(2016, 12, 31, 23, 59, 59, 999999, tzinfo=<DstTzInfo 'Asia/Bahrain' AST+3:00:00 STD>))
[25/Nov/2016 13:05:06] DEBUG [django.db.backends:90] (0.001) SELECT "daily_project"."id", "daily_project"."name", "daily_project"."start_date", "daily_project"."end_date", "daily_project"."status" FROM "daily_project" WHERE (("daily_project"."status" = 'INCMP' AND EXTRACT('day' FROM "daily_project"."start_date" AT TIME ZONE 'Asia/Bahrain') <= 9 AND "daily_project"."start_date" <= '2016-12-31T23:59:59.999999+03:00'::timestamptz AND EXTRACT('month' FROM "daily_project"."start_date" AT TIME ZONE 'Asia/Bahrain') <= 11) OR (EXTRACT('day' FROM "daily_project"."start_date" AT TIME ZONE 'Asia/Bahrain') = 9 AND EXTRACT('month' FROM "daily_project"."start_date" AT TIME ZONE 'Asia/Bahrain') = 11 AND "daily_project"."start_date" BETWEEN '2016-01-01T00:00:00+03:00'::timestamptz AND '2016-12-31T23:59:59.999999+03:00'::timestamptz)); args=('INCMP', 'Asia/Bahrain', 9, datetime.datetime(2016, 12, 31, 23, 59, 59, 999999, tzinfo=<DstTzInfo 'Asia/Bahrain' AST+3:00:00 STD>), 'Asia/Bahrain', 11, 'Asia/Bahrain', 9, 'Asia/Bahrain', 11, datetime.datetime(2016, 1, 1, 0, 0, tzinfo=<DstTzInfo 'Asia/Bahrain' AST+3:00:00 STD>), datetime.datetime(2016, 12, 31, 23, 59, 59, 999999, tzinfo=<DstTzInfo 'Asia/Bahrain' AST+3:00:00 STD>))
[25/Nov/2016 13:05:06] DEBUG [django.db.backends:90] (0.005) SELECT "daily_employee"."id", "daily_employee"."name" FROM "daily_employee" INNER JOIN "daily_project_employee" ON ("daily_employee"."id" = "daily_project_employee"."employee_id") WHERE "daily_project_employee"."project_id" = 19; args=(19,)
[25/Nov/2016 13:05:06] DEBUG [django.db.backends:90] (0.001) SELECT "daily_vehicle"."id", "daily_vehicle"."name" FROM "daily_vehicle" INNER JOIN "daily_project_vehicle" ON ("daily_vehicle"."id" = "daily_project_vehicle"."vehicle_id") WHERE "daily_project_vehicle"."project_id" = 19; args=(19,)
[25/Nov/2016 13:05:06] DEBUG [django.db.backends:90] (0.001) SELECT "daily_phone"."id", "daily_phone"."number" FROM "daily_phone" INNER JOIN "daily_project_phone" ON ("daily_phone"."id" = "daily_project_phone"."phone_id") WHERE "daily_project_phone"."project_id" = 19; args=(19,)
[25/Nov/2016 13:05:06] DEBUG [django.db.backends:90] (0.003) SELECT "daily_employee"."id", "daily_employee"."name" FROM "daily_employee" ORDER BY "daily_employee"."name" ASC; args=()
[25/Nov/2016 13:05:06] DEBUG [django.db.backends:90] (0.001) SELECT "daily_category"."id", "daily_category"."name" FROM "daily_category" INNER JOIN "daily_employee_category" ON ("daily_category"."id" = "daily_employee_category"."category_id") WHERE "daily_employee_category"."employee_id" = 1; args=(1,)
[25/Nov/2016 13:05:06] DEBUG [django.db.backends:90] (0.001) SELECT "daily_category"."id", "daily_category"."name" FROM "daily_category" INNER JOIN "daily_employee_category" ON ("daily_category"."id" = "daily_employee_category"."category_id") WHERE "daily_employee_category"."employee_id" = 2; args=(2,)
[25/Nov/2016 13:05:06] DEBUG [django.db.backends:90] (0.000) SELECT "daily_category"."id", "daily_category"."name" FROM "daily_category" INNER JOIN "daily_employee_category" ON ("daily_category"."id" = "daily_employee_category"."category_id") WHERE "daily_employee_category"."employee_id" = 5; args=(5,)
[25/Nov/2016 13:05:06] DEBUG [django.db.backends:90] (0.000) SELECT "daily_category"."id", "daily_category"."name" FROM "daily_category" INNER JOIN "daily_employee_category" ON ("daily_category"."id" = "daily_employee_category"."category_id") WHERE "daily_employee_category"."employee_id" = 3; args=(3,)
[25/Nov/2016 13:05:06] DEBUG [django.db.backends:90] (0.000) SELECT "daily_category"."id", "daily_category"."name" FROM "daily_category" INNER JOIN "daily_employee_category" ON ("daily_category"."id" = "daily_employee_category"."category_id") WHERE "daily_employee_category"."employee_id" = 6; args=(6,)
[25/Nov/2016 13:05:06] DEBUG [django.db.backends:90] (0.000) SELECT "daily_phone"."id", "daily_phone"."number" FROM "daily_phone" ORDER BY "daily_phone"."number" ASC; args=()
[25/Nov/2016 13:05:06] DEBUG [django.db.backends:90] (0.000) SELECT "daily_vehicle"."id", "daily_vehicle"."name" FROM "daily_vehicle" ORDER BY "daily_vehicle"."name" ASC; args=()
[25/Nov/2016 13:05:06] INFO [django.server:131] "GET /daily/2016/11/09/ HTTP/1.1" 200 8850
[25/Nov/2016 13:05:06] INFO [django.server:131] "GET /static/daily/bootstrap.min.css HTTP/1.1" 200 121200
[25/Nov/2016 13:05:06] INFO [django.server:131] "GET /static/daily/jquery.min.js HTTP/1.1" 200 97163
[25/Nov/2016 13:05:06] INFO [django.server:131] "GET /static/daily/util.js HTTP/1.1" 200 5065
[25/Nov/2016 13:05:06] INFO [django.server:131] "GET /static/daily/category.css HTTP/1.1" 200 51
[25/Nov/2016 13:05:06] INFO [django.server:131] "GET /static/daily/daily.css HTTP/1.1" 200 3310
[25/Nov/2016 13:05:06] INFO [django.server:131] "GET /static/daily/trash.css HTTP/1.1" 200 1034
[25/Nov/2016 13:05:06] INFO [django.server:131] "GET /static/daily/ie10-viewport-bug-workaround.css HTTP/1.1" 200 433
[25/Nov/2016 13:05:06] INFO [django.server:131] "GET /static/daily/jquery.timepicker.css HTTP/1.1" 200 1584
[25/Nov/2016 13:05:06] INFO [django.server:131] "GET /static/daily/bootstrap.min.js HTTP/1.1" 200 37045
[25/Nov/2016 13:05:06] INFO [django.server:131] "GET /static/daily/daily.js HTTP/1.1" 200 9605
[25/Nov/2016 13:05:06] INFO [django.server:131] "GET /static/daily/jquery-sortable.js HTTP/1.1" 200 23859
[25/Nov/2016 13:05:06] INFO [django.server:131] "GET /static/daily/jquery.timepicker.js HTTP/1.1" 200 30595
[25/Nov/2016 13:05:06] WARNING [django.server:131] "GET /static/daily/bootstrap.min.css.map HTTP/1.1" 404 1694
[25/Nov/2016 13:05:09] INFO [django.server:131] "GET /daily/2016/11/99 HTTP/1.1" 301 0
[25/Nov/2016 13:05:09] WARNING [django.request:152] Not Found: /daily/2016/11/99/
[25/Nov/2016 13:05:09] WARNING [django.server:131] "GET /daily/2016/11/99/ HTTP/1.1" 404 1712
[25/Nov/2016 13:05:16] INFO [django.server:131] "GET /daily/2016/11/05 HTTP/1.1" 301 0
[25/Nov/2016 13:05:16] DEBUG [django.db.backends:90] (0.003) SELECT "django_session"."session_key", "django_session"."session_data", "django_session"."expire_date" FROM "django_session" WHERE ("django_session"."session_key" = 'rpk3qb841xc9qggp1xzczo64kd3kk889' AND "django_session"."expire_date" > '2016-11-25T10:05:16.268070+00:00'::timestamptz); args=('rpk3qb841xc9qggp1xzczo64kd3kk889', datetime.datetime(2016, 11, 25, 10, 5, 16, 268070, tzinfo=<UTC>))
[25/Nov/2016 13:05:16] DEBUG [django.db.backends:90] (0.002) SELECT "auth_user"."id", "auth_user"."password", "auth_user"."last_login", "auth_user"."is_superuser", "auth_user"."username", "auth_user"."first_name", "auth_user"."last_name", "auth_user"."email", "auth_user"."is_staff", "auth_user"."is_active", "auth_user"."date_joined" FROM "auth_user" WHERE "auth_user"."id" = 1; args=(1,)
[25/Nov/2016 13:05:16] DEBUG [django.db.backends:90] (0.002) SELECT "daily_project"."id", "daily_project"."name", "daily_project"."start_date", "daily_project"."end_date", "daily_project"."status" FROM "daily_project" WHERE (("daily_project"."status" = 'INCMP' AND EXTRACT('day' FROM "daily_project"."start_date" AT TIME ZONE 'Asia/Bahrain') <= 5 AND "daily_project"."start_date" <= '2016-12-31T23:59:59.999999+03:00'::timestamptz AND EXTRACT('month' FROM "daily_project"."start_date" AT TIME ZONE 'Asia/Bahrain') <= 11) OR (EXTRACT('day' FROM "daily_project"."start_date" AT TIME ZONE 'Asia/Bahrain') = 5 AND EXTRACT('month' FROM "daily_project"."start_date" AT TIME ZONE 'Asia/Bahrain') = 11 AND "daily_project"."start_date" BETWEEN '2016-01-01T00:00:00+03:00'::timestamptz AND '2016-12-31T23:59:59.999999+03:00'::timestamptz)); args=('INCMP', 'Asia/Bahrain', 5, datetime.datetime(2016, 12, 31, 23, 59, 59, 999999, tzinfo=<DstTzInfo 'Asia/Bahrain' AST+3:00:00 STD>), 'Asia/Bahrain', 11, 'Asia/Bahrain', 5, 'Asia/Bahrain', 11, datetime.datetime(2016, 1, 1, 0, 0, tzinfo=<DstTzInfo 'Asia/Bahrain' AST+3:00:00 STD>), datetime.datetime(2016, 12, 31, 23, 59, 59, 999999, tzinfo=<DstTzInfo 'Asia/Bahrain' AST+3:00:00 STD>))
[25/Nov/2016 13:05:16] DEBUG [django.db.backends:90] (0.001) SELECT "daily_project"."id", "daily_project"."name", "daily_project"."start_date", "daily_project"."end_date", "daily_project"."status" FROM "daily_project" WHERE (("daily_project"."status" = 'INCMP' AND EXTRACT('day' FROM "daily_project"."start_date" AT TIME ZONE 'Asia/Bahrain') <= 5 AND "daily_project"."start_date" <= '2016-12-31T23:59:59.999999+03:00'::timestamptz AND EXTRACT('month' FROM "daily_project"."start_date" AT TIME ZONE 'Asia/Bahrain') <= 11) OR (EXTRACT('day' FROM "daily_project"."start_date" AT TIME ZONE 'Asia/Bahrain') = 5 AND EXTRACT('month' FROM "daily_project"."start_date" AT TIME ZONE 'Asia/Bahrain') = 11 AND "daily_project"."start_date" BETWEEN '2016-01-01T00:00:00+03:00'::timestamptz AND '2016-12-31T23:59:59.999999+03:00'::timestamptz)); args=('INCMP', 'Asia/Bahrain', 5, datetime.datetime(2016, 12, 31, 23, 59, 59, 999999, tzinfo=<DstTzInfo 'Asia/Bahrain' AST+3:00:00 STD>), 'Asia/Bahrain', 11, 'Asia/Bahrain', 5, 'Asia/Bahrain', 11, datetime.datetime(2016, 1, 1, 0, 0, tzinfo=<DstTzInfo 'Asia/Bahrain' AST+3:00:00 STD>), datetime.datetime(2016, 12, 31, 23, 59, 59, 999999, tzinfo=<DstTzInfo 'Asia/Bahrain' AST+3:00:00 STD>))
[25/Nov/2016 13:05:16] DEBUG [django.db.backends:90] (0.001) SELECT "daily_employee"."id", "daily_employee"."name" FROM "daily_employee" INNER JOIN "daily_project_employee" ON ("daily_employee"."id" = "daily_project_employee"."employee_id") WHERE "daily_project_employee"."project_id" = 22; args=(22,)
[25/Nov/2016 13:05:16] DEBUG [django.db.backends:90] (0.001) SELECT "daily_vehicle"."id", "daily_vehicle"."name" FROM "daily_vehicle" INNER JOIN "daily_project_vehicle" ON ("daily_vehicle"."id" = "daily_project_vehicle"."vehicle_id") WHERE "daily_project_vehicle"."project_id" = 22; args=(22,)
[25/Nov/2016 13:05:16] DEBUG [django.db.backends:90] (0.001) SELECT "daily_phone"."id", "daily_phone"."number" FROM "daily_phone" INNER JOIN "daily_project_phone" ON ("daily_phone"."id" = "daily_project_phone"."phone_id") WHERE "daily_project_phone"."project_id" = 22; args=(22,)
[25/Nov/2016 13:05:16] DEBUG [django.db.backends:90] (0.000) SELECT "daily_employee"."id", "daily_employee"."name" FROM "daily_employee" ORDER BY "daily_employee"."name" ASC; args=()
[25/Nov/2016 13:05:16] DEBUG [django.db.backends:90] (0.001) SELECT "daily_category"."id", "daily_category"."name" FROM "daily_category" INNER JOIN "daily_employee_category" ON ("daily_category"."id" = "daily_employee_category"."category_id") WHERE "daily_employee_category"."employee_id" = 1; args=(1,)
[25/Nov/2016 13:05:16] DEBUG [django.db.backends:90] (0.001) SELECT "daily_category"."id", "daily_category"."name" FROM "daily_category" INNER JOIN "daily_employee_category" ON ("daily_category"."id" = "daily_employee_category"."category_id") WHERE "daily_employee_category"."employee_id" = 2; args=(2,)
[25/Nov/2016 13:05:16] DEBUG [django.db.backends:90] (0.000) SELECT "daily_category"."id", "daily_category"."name" FROM "daily_category" INNER JOIN "daily_employee_category" ON ("daily_category"."id" = "daily_employee_category"."category_id") WHERE "daily_employee_category"."employee_id" = 5; args=(5,)
[25/Nov/2016 13:05:16] DEBUG [django.db.backends:90] (0.000) SELECT "daily_category"."id", "daily_category"."name" FROM "daily_category" INNER JOIN "daily_employee_category" ON ("daily_category"."id" = "daily_employee_category"."category_id") WHERE "daily_employee_category"."employee_id" = 3; args=(3,)
[25/Nov/2016 13:05:16] DEBUG [django.db.backends:90] (0.000) SELECT "daily_category"."id", "daily_category"."name" FROM "daily_category" INNER JOIN "daily_employee_category" ON ("daily_category"."id" = "daily_employee_category"."category_id") WHERE "daily_employee_category"."employee_id" = 6; args=(6,)
[25/Nov/2016 13:05:16] DEBUG [django.db.backends:90] (0.000) SELECT "daily_phone"."id", "daily_phone"."number" FROM "daily_phone" ORDER BY "daily_phone"."number" ASC; args=()
[25/Nov/2016 13:05:16] DEBUG [django.db.backends:90] (0.000) SELECT "daily_vehicle"."id", "daily_vehicle"."name" FROM "daily_vehicle" ORDER BY "daily_vehicle"."name" ASC; args=()
[25/Nov/2016 13:05:16] INFO [django.server:131] "GET /daily/2016/11/05/ HTTP/1.1" 200 8850
[25/Nov/2016 13:05:16] INFO [django.server:131] "GET /static/daily/category.css HTTP/1.1" 200 51
[25/Nov/2016 13:05:16] INFO [django.server:131] "GET /static/daily/util.js HTTP/1.1" 200 5065
[25/Nov/2016 13:05:16] INFO [django.server:131] "GET /static/daily/daily.js HTTP/1.1" 200 9605
[25/Nov/2016 13:05:16] INFO [django.server:131] "GET /static/daily/daily.css HTTP/1.1" 200 3310
[25/Nov/2016 13:05:16] INFO [django.server:131] "GET /static/daily/bootstrap.min.css HTTP/1.1" 200 121200
[25/Nov/2016 13:05:16] INFO [django.server:131] "GET /static/daily/trash.css HTTP/1.1" 200 1034
[25/Nov/2016 13:05:16] INFO [django.server:131] "GET /static/daily/ie10-viewport-bug-workaround.css HTTP/1.1" 200 433
[25/Nov/2016 13:05:16] INFO [django.server:131] "GET /static/daily/jquery.min.js HTTP/1.1" 200 97163
[25/Nov/2016 13:05:16] INFO [django.server:131] "GET /static/daily/jquery.timepicker.css HTTP/1.1" 200 1584
[25/Nov/2016 13:05:16] INFO [django.server:131] "GET /static/daily/bootstrap.min.js HTTP/1.1" 200 37045
[25/Nov/2016 13:05:16] INFO [django.server:131] "GET /static/daily/jquery-sortable.js HTTP/1.1" 200 23859
[25/Nov/2016 13:05:16] INFO [django.server:131] "GET /static/daily/jquery.timepicker.js HTTP/1.1" 200 30595
[25/Nov/2016 13:05:16] WARNING [django.server:131] "GET /static/daily/bootstrap.min.css.map HTTP/1.1" 404 1694
